[debug] [2023-11-01T18:46:07.050Z] ----------------------------------------------------------------------
[debug] [2023-11-01T18:46:07.051Z] Command:       C:\Program Files\nodejs\node.exe C:\Users\jcron\AppData\Roaming\npm\node_modules\firebase-tools\lib\bin\firebase.js deploy
[debug] [2023-11-01T18:46:07.052Z] CLI Version:   12.5.4
[debug] [2023-11-01T18:46:07.052Z] Platform:      win32
[debug] [2023-11-01T18:46:07.052Z] Node Version:  v18.17.1
[debug] [2023-11-01T18:46:07.052Z] Time:          Wed Nov 01 2023 20:46:07 GMT+0200 (South Africa Standard Time)
[debug] [2023-11-01T18:46:07.053Z] ----------------------------------------------------------------------
[debug] 
[debug] [2023-11-01T18:46:07.097Z] > command requires scopes: ["email","openid","https://www.googleapis.com/auth/cloudplatformprojects.readonly","https://www.googleapis.com/auth/firebase","https://www.googleapis.com/auth/cloud-platform"]
[debug] [2023-11-01T18:46:07.097Z] > authorizing via signed-in user (connectedbusinesssolution@gmail.com)
[debug] [2023-11-01T18:46:07.097Z] [iam] checking project monte-vista-ae208 for permissions ["firebase.projects.get","firebasehosting.sites.update"]
[debug] [2023-11-01T18:46:07.098Z] > refreshing access token with scopes: []
[debug] [2023-11-01T18:46:07.099Z] >>> [apiv2][query] POST https://www.googleapis.com/oauth2/v3/token [none]
[debug] [2023-11-01T18:46:07.099Z] >>> [apiv2][body] POST https://www.googleapis.com/oauth2/v3/token [omitted]
[debug] [2023-11-01T18:46:07.597Z] <<< [apiv2][status] POST https://www.googleapis.com/oauth2/v3/token 200
[debug] [2023-11-01T18:46:07.597Z] <<< [apiv2][body] POST https://www.googleapis.com/oauth2/v3/token [omitted]
[debug] [2023-11-01T18:46:07.602Z] >>> [apiv2][query] POST https://cloudresourcemanager.googleapis.com/v1/projects/monte-vista-ae208:testIamPermissions [none]
[debug] [2023-11-01T18:46:07.602Z] >>> [apiv2][(partial)header] POST https://cloudresourcemanager.googleapis.com/v1/projects/monte-vista-ae208:testIamPermissions x-goog-quota-user=projects/monte-vista-ae208
[debug] [2023-11-01T18:46:07.602Z] >>> [apiv2][body] POST https://cloudresourcemanager.googleapis.com/v1/projects/monte-vista-ae208:testIamPermissions {"permissions":["firebase.projects.get","firebasehosting.sites.update"]}
[debug] [2023-11-01T18:46:08.313Z] <<< [apiv2][status] POST https://cloudresourcemanager.googleapis.com/v1/projects/monte-vista-ae208:testIamPermissions 200
[debug] [2023-11-01T18:46:08.313Z] <<< [apiv2][body] POST https://cloudresourcemanager.googleapis.com/v1/projects/monte-vista-ae208:testIamPermissions {"permissions":["firebase.projects.get","firebasehosting.sites.update"]}
[debug] [2023-11-01T18:46:08.314Z] >>> [apiv2][query] GET https://firebase.googleapis.com/v1beta1/projects/monte-vista-ae208 [none]
[debug] [2023-11-01T18:46:09.062Z] <<< [apiv2][status] GET https://firebase.googleapis.com/v1beta1/projects/monte-vista-ae208 200
[debug] [2023-11-01T18:46:09.062Z] <<< [apiv2][body] GET https://firebase.googleapis.com/v1beta1/projects/monte-vista-ae208 {"projectId":"monte-vista-ae208","projectNumber":"566941907155","displayName":"Monte Vista","name":"projects/monte-vista-ae208","resources":{"hostingSite":"monte-vista-ae208","storageBucket":"monte-vista-ae208.appspot.com","locationId":"europe-west"},"state":"ACTIVE","etag":"1_e00089c2-317b-42e5-b5fa-90fc61307b83"}
[debug] [2023-11-01T18:46:11.931Z] >>> [apiv2][query] GET https://firebasehosting.googleapis.com/v1beta1/projects/monte-vista-ae208/sites pageToken=&pageSize=10
[debug] [2023-11-01T18:46:14.207Z] <<< [apiv2][status] GET https://firebasehosting.googleapis.com/v1beta1/projects/monte-vista-ae208/sites 200
[debug] [2023-11-01T18:46:14.207Z] <<< [apiv2][body] GET https://firebasehosting.googleapis.com/v1beta1/projects/monte-vista-ae208/sites {"sites":[{"name":"projects/monte-vista-ae208/sites/monte-vista-ae208","defaultUrl":"https://monte-vista-ae208.web.app","appId":"1:566941907155:web:e69b13de2fa28c59cd3c26","type":"DEFAULT_SITE"}]}
[debug] [2023-11-01T18:46:14.208Z] >>> [apiv2][query] GET https://firebase.googleapis.com/v1beta1/projects/-/webApps/1:566941907155:web:e69b13de2fa28c59cd3c26/config [none]
[debug] [2023-11-01T18:46:15.191Z] <<< [apiv2][status] GET https://firebase.googleapis.com/v1beta1/projects/-/webApps/1:566941907155:web:e69b13de2fa28c59cd3c26/config 200
[debug] [2023-11-01T18:46:15.191Z] <<< [apiv2][body] GET https://firebase.googleapis.com/v1beta1/projects/-/webApps/1:566941907155:web:e69b13de2fa28c59cd3c26/config {"projectId":"monte-vista-ae208","appId":"1:566941907155:web:e69b13de2fa28c59cd3c26","storageBucket":"monte-vista-ae208.appspot.com","locationId":"europe-west","apiKey":"AIzaSyDoVfKj1Yb69uwKF64MQIiyAO9NRNdihI0","authDomain":"monte-vista-ae208.firebaseapp.com","messagingSenderId":"566941907155","measurementId":"G-T3LQN88XM4"}
[info] 
   Thank you for trying our early preview of Next.js support on Firebase Hosting.
   During the preview, support is best-effort and breaking changes can be expected. Proceed with caution.

   Documentation: https://firebase.google.com/docs/hosting/frameworks/nextjs
   File a bug: https://github.com/firebase/firebase-tools/issues/new?template=bug_report.md
   Submit a feature request: https://github.com/firebase/firebase-tools/issues/new?template=feature_request.md

   We'd love to learn from you. Express your interest in helping us shape the future of Firebase Hosting: https://goo.gle/41enW5X

[info]    ▲ Next.js 14.0.1

[info] 
   Creating an optimized production build ...

[info] (node:16836) [DEP_WEBPACK_MODULE_UPDATE_HASH] DeprecationWarning: Module.updateHash: Use new ChunkGraph API
(Use `node --trace-deprecation ...` to show where the warning was created)

[info]  ✓ Compiled successfully

[info]    Linting and checking validity of types ...

[info]    Collecting page data ...

[info]    Generating static pages (0/8) ...

[info]    Generating static pages (2/8) 

[info]    Generating static pages (4/8) 

[info]    Generating static pages (6/8) 

[info]  ✓ Generating static pages (8/8) 

[info]    Finalizing page optimization ...
   Collecting build traces ...

[info] 

[info] Route (app)                              Size     First Load JS
┌ ○ /                                    351 B            97 kB
├ ○ /_not-found                          882 B            86 kB
├ ○ /catalogue                           195 B          99.3 kB
├ ○ /delivery                            185 B          96.8 kB
└ ○ /terms                               195 B          99.3 kB
+ First Load JS shared by all            85.2 kB
  ├ chunks/472-2a959fe19487209d.js       30 kB
  ├ chunks/fd9d1056-82175686fa1eea00.js  53.2 kB
  ├ chunks/main-app-e7e42ebdd7409e1b.js  232 B
  └ chunks/webpack-79b99b72c7569698.js   1.79 kB



[info] ○  (Static)  prerendered as static HTML


[debug] [2023-11-01T18:46:34.516Z] TypeError: Cannot destructure property 'customConfig' of '(intermediate value)(intermediate value)(intermediate value)' as it is null.
    at loadConfig (D:\montevprimaryonline\node_modules\next\dist\server\config.js:640:41)
    at getConfig (C:\Users\jcron\AppData\Roaming\npm\node_modules\firebase-tools\lib\frameworks\next\index.js:390:28)
    at build (C:\Users\jcron\AppData\Roaming\npm\node_modules\firebase-tools\lib\frameworks\next\index.js:68:65)
    at process.processTicksAndRejections (node:internal/process/task_queues:95:5)
    at async prepareFrameworks (C:\Users\jcron\AppData\Roaming\npm\node_modules\firebase-tools\lib\frameworks\index.js:216:33)
    at async deploy (C:\Users\jcron\AppData\Roaming\npm\node_modules\firebase-tools\lib\deploy\index.js:55:13)
[error] 
[error] Error: An unexpected error has occurred.
[debug] [2023-11-01T19:35:08.916Z] ----------------------------------------------------------------------
[debug] [2023-11-01T19:35:08.918Z] Command:       C:\Program Files\nodejs\node.exe C:\Users\jcron\AppData\Roaming\npm\node_modules\firebase-tools\lib\bin\firebase.js deploy
[debug] [2023-11-01T19:35:08.918Z] CLI Version:   12.6.2
[debug] [2023-11-01T19:35:08.918Z] Platform:      win32
[debug] [2023-11-01T19:35:08.918Z] Node Version:  v18.17.1
[debug] [2023-11-01T19:35:08.919Z] Time:          Wed Nov 01 2023 21:35:08 GMT+0200 (South Africa Standard Time)
[debug] [2023-11-01T19:35:08.919Z] ----------------------------------------------------------------------
[debug] 
[debug] [2023-11-01T19:35:08.979Z] > command requires scopes: ["email","openid","https://www.googleapis.com/auth/cloudplatformprojects.readonly","https://www.googleapis.com/auth/firebase","https://www.googleapis.com/auth/cloud-platform"]
[debug] [2023-11-01T19:35:08.980Z] > authorizing via signed-in user (connectedbusinesssolution@gmail.com)
[debug] [2023-11-01T19:35:08.980Z] [iam] checking project monte-vista-ae208 for permissions ["firebase.projects.get","firebasehosting.sites.update"]
[debug] [2023-11-01T19:35:08.981Z] > refreshing access token with scopes: []
[debug] [2023-11-01T19:35:08.982Z] >>> [apiv2][query] POST https://www.googleapis.com/oauth2/v3/token [none]
[debug] [2023-11-01T19:35:08.983Z] >>> [apiv2][body] POST https://www.googleapis.com/oauth2/v3/token [omitted]
[debug] [2023-11-01T19:35:09.590Z] <<< [apiv2][status] POST https://www.googleapis.com/oauth2/v3/token 200
[debug] [2023-11-01T19:35:09.590Z] <<< [apiv2][body] POST https://www.googleapis.com/oauth2/v3/token [omitted]
[debug] [2023-11-01T19:35:09.594Z] >>> [apiv2][query] POST https://cloudresourcemanager.googleapis.com/v1/projects/monte-vista-ae208:testIamPermissions [none]
[debug] [2023-11-01T19:35:09.595Z] >>> [apiv2][(partial)header] POST https://cloudresourcemanager.googleapis.com/v1/projects/monte-vista-ae208:testIamPermissions x-goog-quota-user=projects/monte-vista-ae208
[debug] [2023-11-01T19:35:09.595Z] >>> [apiv2][body] POST https://cloudresourcemanager.googleapis.com/v1/projects/monte-vista-ae208:testIamPermissions {"permissions":["firebase.projects.get","firebasehosting.sites.update"]}
[debug] [2023-11-01T19:35:11.513Z] <<< [apiv2][status] POST https://cloudresourcemanager.googleapis.com/v1/projects/monte-vista-ae208:testIamPermissions 200
[debug] [2023-11-01T19:35:11.513Z] <<< [apiv2][body] POST https://cloudresourcemanager.googleapis.com/v1/projects/monte-vista-ae208:testIamPermissions {"permissions":["firebase.projects.get","firebasehosting.sites.update"]}
[debug] [2023-11-01T19:35:11.514Z] >>> [apiv2][query] GET https://firebase.googleapis.com/v1beta1/projects/monte-vista-ae208 [none]
[debug] [2023-11-01T19:35:12.392Z] <<< [apiv2][status] GET https://firebase.googleapis.com/v1beta1/projects/monte-vista-ae208 200
[debug] [2023-11-01T19:35:12.392Z] <<< [apiv2][body] GET https://firebase.googleapis.com/v1beta1/projects/monte-vista-ae208 {"projectId":"monte-vista-ae208","projectNumber":"566941907155","displayName":"Monte Vista","name":"projects/monte-vista-ae208","resources":{"hostingSite":"monte-vista-ae208","storageBucket":"monte-vista-ae208.appspot.com","locationId":"europe-west"},"state":"ACTIVE","etag":"1_e00089c2-317b-42e5-b5fa-90fc61307b83"}
[debug] [2023-11-01T19:35:14.516Z] >>> [apiv2][query] GET https://firebasehosting.googleapis.com/v1beta1/projects/monte-vista-ae208/sites pageToken=&pageSize=10
[debug] [2023-11-01T19:35:16.945Z] <<< [apiv2][status] GET https://firebasehosting.googleapis.com/v1beta1/projects/monte-vista-ae208/sites 200
[debug] [2023-11-01T19:35:16.945Z] <<< [apiv2][body] GET https://firebasehosting.googleapis.com/v1beta1/projects/monte-vista-ae208/sites {"sites":[{"name":"projects/monte-vista-ae208/sites/monte-vista-ae208","defaultUrl":"https://monte-vista-ae208.web.app","appId":"1:566941907155:web:e69b13de2fa28c59cd3c26","type":"DEFAULT_SITE"}]}
[debug] [2023-11-01T19:35:16.946Z] >>> [apiv2][query] GET https://firebase.googleapis.com/v1beta1/projects/-/webApps/1:566941907155:web:e69b13de2fa28c59cd3c26/config [none]
[debug] [2023-11-01T19:35:18.174Z] <<< [apiv2][status] GET https://firebase.googleapis.com/v1beta1/projects/-/webApps/1:566941907155:web:e69b13de2fa28c59cd3c26/config 200
[debug] [2023-11-01T19:35:18.174Z] <<< [apiv2][body] GET https://firebase.googleapis.com/v1beta1/projects/-/webApps/1:566941907155:web:e69b13de2fa28c59cd3c26/config {"projectId":"monte-vista-ae208","appId":"1:566941907155:web:e69b13de2fa28c59cd3c26","storageBucket":"monte-vista-ae208.appspot.com","locationId":"europe-west","apiKey":"AIzaSyDoVfKj1Yb69uwKF64MQIiyAO9NRNdihI0","authDomain":"monte-vista-ae208.firebaseapp.com","messagingSenderId":"566941907155","measurementId":"G-T3LQN88XM4"}
[info] 
   Thank you for trying our early preview of Next.js support on Firebase Hosting.
   During the preview, support is best-effort and breaking changes can be expected. Proceed with caution.

   Documentation: https://firebase.google.com/docs/hosting/frameworks/nextjs
   File a bug: https://github.com/firebase/firebase-tools/issues/new?template=bug_report.md
   Submit a feature request: https://github.com/firebase/firebase-tools/issues/new?template=feature_request.md

   We'd love to learn from you. Express your interest in helping us shape the future of Firebase Hosting: https://goo.gle/41enW5X

[info]    ▲ Next.js 14.0.1

[info] 
   Creating an optimized production build ...

[info] (node:17084) [DEP_WEBPACK_MODULE_UPDATE_HASH] DeprecationWarning: Module.updateHash: Use new ChunkGraph API
(Use `node --trace-deprecation ...` to show where the warning was created)

[info]  ✓ Compiled successfully

[info]    Linting and checking validity of types ...

[info]    Collecting page data ...

[info]    Generating static pages (0/8) ...

[info]    Generating static pages (2/8) 

[info]    Generating static pages (4/8) 

[info]    Generating static pages (6/8) 

[info]  ✓ Generating static pages (8/8) 

[info]    Finalizing page optimization ...
   Collecting build traces ...

[info] 

[info] Route (app)                              Size     First Load JS
┌ ○ /                                    351 B          97.1 kB
├ ○ /_not-found                          882 B          86.1 kB
├ ○ /catalogue                           195 B          99.4 kB
├ ○ /delivery                            185 B          96.9 kB
└ ○ /terms                               195 B          99.4 kB
+ First Load JS shared by all            85.2 kB
  ├ chunks/472-9c5dd18e27ac175a.js       30 kB
  ├ chunks/fd9d1056-82175686fa1eea00.js  53.2 kB
  ├ chunks/main-app-e7e42ebdd7409e1b.js  232 B
  └ chunks/webpack-79b99b72c7569698.js   1.79 kB


○  (Static)  prerendered as static HTML


[debug] [2023-11-01T19:35:30.458Z] Error: ENOENT: no such file or directory, open 'D:\montevprimaryonline\dist\server\middleware-manifest.json'
[error] 
[error] Error: An unexpected error has occurred.
[debug] [2023-11-01T19:47:45.090Z] ----------------------------------------------------------------------
[debug] [2023-11-01T19:47:45.091Z] Command:       C:\Program Files\nodejs\node.exe C:\Users\jcron\AppData\Roaming\npm\node_modules\firebase-tools\lib\bin\firebase.js deploy
[debug] [2023-11-01T19:47:45.091Z] CLI Version:   12.6.2
[debug] [2023-11-01T19:47:45.091Z] Platform:      win32
[debug] [2023-11-01T19:47:45.092Z] Node Version:  v18.17.1
[debug] [2023-11-01T19:47:45.092Z] Time:          Wed Nov 01 2023 21:47:45 GMT+0200 (South Africa Standard Time)
[debug] [2023-11-01T19:47:45.092Z] ----------------------------------------------------------------------
[debug] 
[debug] [2023-11-01T19:47:45.154Z] > command requires scopes: ["email","openid","https://www.googleapis.com/auth/cloudplatformprojects.readonly","https://www.googleapis.com/auth/firebase","https://www.googleapis.com/auth/cloud-platform"]
[debug] [2023-11-01T19:47:45.154Z] > authorizing via signed-in user (connectedbusinesssolution@gmail.com)
[debug] [2023-11-01T19:47:45.155Z] [iam] checking project monte-vista-ae208 for permissions ["firebase.projects.get","firebasehosting.sites.update"]
[debug] [2023-11-01T19:47:45.156Z] >>> [apiv2][query] POST https://cloudresourcemanager.googleapis.com/v1/projects/monte-vista-ae208:testIamPermissions [none]
[debug] [2023-11-01T19:47:45.156Z] >>> [apiv2][(partial)header] POST https://cloudresourcemanager.googleapis.com/v1/projects/monte-vista-ae208:testIamPermissions x-goog-quota-user=projects/monte-vista-ae208
[debug] [2023-11-01T19:47:45.156Z] >>> [apiv2][body] POST https://cloudresourcemanager.googleapis.com/v1/projects/monte-vista-ae208:testIamPermissions {"permissions":["firebase.projects.get","firebasehosting.sites.update"]}
[debug] [2023-11-01T19:47:46.121Z] <<< [apiv2][status] POST https://cloudresourcemanager.googleapis.com/v1/projects/monte-vista-ae208:testIamPermissions 200
[debug] [2023-11-01T19:47:46.121Z] <<< [apiv2][body] POST https://cloudresourcemanager.googleapis.com/v1/projects/monte-vista-ae208:testIamPermissions {"permissions":["firebase.projects.get","firebasehosting.sites.update"]}
[debug] [2023-11-01T19:47:46.122Z] >>> [apiv2][query] GET https://firebase.googleapis.com/v1beta1/projects/monte-vista-ae208 [none]
[debug] [2023-11-01T19:47:47.143Z] <<< [apiv2][status] GET https://firebase.googleapis.com/v1beta1/projects/monte-vista-ae208 200
[debug] [2023-11-01T19:47:47.143Z] <<< [apiv2][body] GET https://firebase.googleapis.com/v1beta1/projects/monte-vista-ae208 {"projectId":"monte-vista-ae208","projectNumber":"566941907155","displayName":"Monte Vista","name":"projects/monte-vista-ae208","resources":{"hostingSite":"monte-vista-ae208","storageBucket":"monte-vista-ae208.appspot.com","locationId":"europe-west"},"state":"ACTIVE","etag":"1_e00089c2-317b-42e5-b5fa-90fc61307b83"}
[debug] [2023-11-01T19:47:49.170Z] >>> [apiv2][query] GET https://firebasehosting.googleapis.com/v1beta1/projects/monte-vista-ae208/sites pageToken=&pageSize=10
[debug] [2023-11-01T19:47:51.598Z] <<< [apiv2][status] GET https://firebasehosting.googleapis.com/v1beta1/projects/monte-vista-ae208/sites 200
[debug] [2023-11-01T19:47:51.599Z] <<< [apiv2][body] GET https://firebasehosting.googleapis.com/v1beta1/projects/monte-vista-ae208/sites {"sites":[{"name":"projects/monte-vista-ae208/sites/monte-vista-ae208","defaultUrl":"https://monte-vista-ae208.web.app","appId":"1:566941907155:web:e69b13de2fa28c59cd3c26","type":"DEFAULT_SITE"}]}
[debug] [2023-11-01T19:47:51.599Z] >>> [apiv2][query] GET https://firebase.googleapis.com/v1beta1/projects/-/webApps/1:566941907155:web:e69b13de2fa28c59cd3c26/config [none]
[debug] [2023-11-01T19:47:52.583Z] <<< [apiv2][status] GET https://firebase.googleapis.com/v1beta1/projects/-/webApps/1:566941907155:web:e69b13de2fa28c59cd3c26/config 200
[debug] [2023-11-01T19:47:52.583Z] <<< [apiv2][body] GET https://firebase.googleapis.com/v1beta1/projects/-/webApps/1:566941907155:web:e69b13de2fa28c59cd3c26/config {"projectId":"monte-vista-ae208","appId":"1:566941907155:web:e69b13de2fa28c59cd3c26","storageBucket":"monte-vista-ae208.appspot.com","locationId":"europe-west","apiKey":"AIzaSyDoVfKj1Yb69uwKF64MQIiyAO9NRNdihI0","authDomain":"monte-vista-ae208.firebaseapp.com","messagingSenderId":"566941907155","measurementId":"G-T3LQN88XM4"}
[info] 
   Thank you for trying our early preview of Next.js support on Firebase Hosting.
   During the preview, support is best-effort and breaking changes can be expected. Proceed with caution.

   Documentation: https://firebase.google.com/docs/hosting/frameworks/nextjs
   File a bug: https://github.com/firebase/firebase-tools/issues/new?template=bug_report.md
   Submit a feature request: https://github.com/firebase/firebase-tools/issues/new?template=feature_request.md

   We'd love to learn from you. Express your interest in helping us shape the future of Firebase Hosting: https://goo.gle/41enW5X

[info]    ▲ Next.js 14.0.1

[info] 
   Creating an optimized production build ...

[info] (node:18040) [DEP_WEBPACK_MODULE_UPDATE_HASH] DeprecationWarning: Module.updateHash: Use new ChunkGraph API
(Use `node --trace-deprecation ...` to show where the warning was created)

[info]  ✓ Compiled successfully

[info]    Linting and checking validity of types ...

[info]    Collecting page data ...

[info]    Generating static pages (0/8) ...

[info]    Generating static pages (2/8) 

[info]    Generating static pages (4/8) 

[info]    Generating static pages (6/8) 
 ✓ Generating static pages (8/8) 

[info]    Finalizing page optimization ...

[info]    Collecting build traces ...

[info] 

[info] Route (app)                              Size     First Load JS
┌ ○ /                                    351 B          97.1 kB
├ ○ /_not-found                          882 B          86.1 kB
├ ○ /catalogue                           195 B          99.4 kB
├ ○ /delivery                            185 B          96.9 kB
└ ○ /terms                               195 B          99.4 kB
+ First Load JS shared by all            85.2 kB
  ├ chunks/472-9c5dd18e27ac175a.js       30 kB
  ├ chunks/fd9d1056-82175686fa1eea00.js  53.2 kB
  ├ chunks/main-app-e7e42ebdd7409e1b.js  232 B
  └ chunks/webpack-720724772e2bbc0d.js   1.79 kB


[info] 
○  (Static)  prerendered as static HTML


[debug] [2023-11-01T19:48:05.984Z] Error: ENOENT: no such file or directory, open 'D:\montevprimaryonline\dist\server\middleware-manifest.json'
[error] 
[error] Error: An unexpected error has occurred.
[debug] [2023-11-01T19:59:16.100Z] ----------------------------------------------------------------------
[debug] [2023-11-01T19:59:16.101Z] Command:       C:\Program Files\nodejs\node.exe C:\Users\jcron\AppData\Roaming\npm\node_modules\firebase-tools\lib\bin\firebase.js deploy
[debug] [2023-11-01T19:59:16.101Z] CLI Version:   12.6.2
[debug] [2023-11-01T19:59:16.101Z] Platform:      win32
[debug] [2023-11-01T19:59:16.102Z] Node Version:  v18.17.1
[debug] [2023-11-01T19:59:16.102Z] Time:          Wed Nov 01 2023 21:59:16 GMT+0200 (South Africa Standard Time)
[debug] [2023-11-01T19:59:16.102Z] ----------------------------------------------------------------------
[debug] 
[debug] [2023-11-01T19:59:16.146Z] > command requires scopes: ["email","openid","https://www.googleapis.com/auth/cloudplatformprojects.readonly","https://www.googleapis.com/auth/firebase","https://www.googleapis.com/auth/cloud-platform"]
[debug] [2023-11-01T19:59:16.146Z] > authorizing via signed-in user (connectedbusinesssolution@gmail.com)
[debug] [2023-11-01T19:59:16.146Z] [iam] checking project monte-vista-ae208 for permissions ["firebase.projects.get","firebasehosting.sites.update"]
[debug] [2023-11-01T19:59:16.147Z] >>> [apiv2][query] POST https://cloudresourcemanager.googleapis.com/v1/projects/monte-vista-ae208:testIamPermissions [none]
[debug] [2023-11-01T19:59:16.147Z] >>> [apiv2][(partial)header] POST https://cloudresourcemanager.googleapis.com/v1/projects/monte-vista-ae208:testIamPermissions x-goog-quota-user=projects/monte-vista-ae208
[debug] [2023-11-01T19:59:16.148Z] >>> [apiv2][body] POST https://cloudresourcemanager.googleapis.com/v1/projects/monte-vista-ae208:testIamPermissions {"permissions":["firebase.projects.get","firebasehosting.sites.update"]}
[debug] [2023-11-01T19:59:16.926Z] <<< [apiv2][status] POST https://cloudresourcemanager.googleapis.com/v1/projects/monte-vista-ae208:testIamPermissions 200
[debug] [2023-11-01T19:59:16.926Z] <<< [apiv2][body] POST https://cloudresourcemanager.googleapis.com/v1/projects/monte-vista-ae208:testIamPermissions {"permissions":["firebase.projects.get","firebasehosting.sites.update"]}
[debug] [2023-11-01T19:59:16.926Z] >>> [apiv2][query] GET https://firebase.googleapis.com/v1beta1/projects/monte-vista-ae208 [none]
[debug] [2023-11-01T19:59:17.700Z] <<< [apiv2][status] GET https://firebase.googleapis.com/v1beta1/projects/monte-vista-ae208 200
[debug] [2023-11-01T19:59:17.701Z] <<< [apiv2][body] GET https://firebase.googleapis.com/v1beta1/projects/monte-vista-ae208 {"projectId":"monte-vista-ae208","projectNumber":"566941907155","displayName":"Monte Vista","name":"projects/monte-vista-ae208","resources":{"hostingSite":"monte-vista-ae208","storageBucket":"monte-vista-ae208.appspot.com","locationId":"europe-west"},"state":"ACTIVE","etag":"1_e00089c2-317b-42e5-b5fa-90fc61307b83"}
[debug] [2023-11-01T19:59:19.669Z] >>> [apiv2][query] GET https://firebasehosting.googleapis.com/v1beta1/projects/monte-vista-ae208/sites pageToken=&pageSize=10
[debug] [2023-11-01T19:59:22.147Z] <<< [apiv2][status] GET https://firebasehosting.googleapis.com/v1beta1/projects/monte-vista-ae208/sites 200
[debug] [2023-11-01T19:59:22.148Z] <<< [apiv2][body] GET https://firebasehosting.googleapis.com/v1beta1/projects/monte-vista-ae208/sites {"sites":[{"name":"projects/monte-vista-ae208/sites/monte-vista-ae208","defaultUrl":"https://monte-vista-ae208.web.app","appId":"1:566941907155:web:e69b13de2fa28c59cd3c26","type":"DEFAULT_SITE"}]}
[debug] [2023-11-01T19:59:22.149Z] >>> [apiv2][query] GET https://firebase.googleapis.com/v1beta1/projects/-/webApps/1:566941907155:web:e69b13de2fa28c59cd3c26/config [none]
[debug] [2023-11-01T19:59:23.375Z] <<< [apiv2][status] GET https://firebase.googleapis.com/v1beta1/projects/-/webApps/1:566941907155:web:e69b13de2fa28c59cd3c26/config 200
[debug] [2023-11-01T19:59:23.375Z] <<< [apiv2][body] GET https://firebase.googleapis.com/v1beta1/projects/-/webApps/1:566941907155:web:e69b13de2fa28c59cd3c26/config {"projectId":"monte-vista-ae208","appId":"1:566941907155:web:e69b13de2fa28c59cd3c26","storageBucket":"monte-vista-ae208.appspot.com","locationId":"europe-west","apiKey":"AIzaSyDoVfKj1Yb69uwKF64MQIiyAO9NRNdihI0","authDomain":"monte-vista-ae208.firebaseapp.com","messagingSenderId":"566941907155","measurementId":"G-T3LQN88XM4"}
[info] 
   Thank you for trying our early preview of Next.js support on Firebase Hosting.
   During the preview, support is best-effort and breaking changes can be expected. Proceed with caution.

   Documentation: https://firebase.google.com/docs/hosting/frameworks/nextjs
   File a bug: https://github.com/firebase/firebase-tools/issues/new?template=bug_report.md
   Submit a feature request: https://github.com/firebase/firebase-tools/issues/new?template=feature_request.md

   We'd love to learn from you. Express your interest in helping us shape the future of Firebase Hosting: https://goo.gle/41enW5X

[info]    ▲ Next.js 14.0.1

[info] 
   Creating an optimized production build ...

[info] (node:10568) [DEP_WEBPACK_MODULE_UPDATE_HASH] DeprecationWarning: Module.updateHash: Use new ChunkGraph API
(Use `node --trace-deprecation ...` to show where the warning was created)

[info]  ✓ Compiled successfully

[info]    Linting and checking validity of types ...

[info]    Collecting page data ...

[info]    Generating static pages (0/8) ...

[info]    Generating static pages (2/8) 

[info]    Generating static pages (4/8) 

[info]    Generating static pages (6/8) 

[info]  ✓ Generating static pages (8/8) 

[info]    Finalizing page optimization ...

[info]    Collecting build traces ...

[info] 

[info] Route (app)                              Size     First Load JS
┌ ○ /                                    351 B          97.1 kB
├ ○ /_not-found                          882 B          86.1 kB
├ ○ /catalogue                           195 B          99.4 kB
├ ○ /delivery                            185 B          96.9 kB
└ ○ /terms                               195 B          99.4 kB
+ First Load JS shared by all            85.2 kB
  ├ chunks/472-9c5dd18e27ac175a.js       30 kB
  ├ chunks/fd9d1056-82175686fa1eea00.js  53.2 kB
  ├ chunks/main-app-e7e42ebdd7409e1b.js  232 B
  └ chunks/webpack-79b99b72c7569698.js   1.79 kB


○  (Static)  prerendered as static HTML


[debug] [2023-11-01T19:59:35.099Z] Error: ENOENT: no such file or directory, open 'D:\montevprimaryonline\dist\server\middleware-manifest.json'
[error] 
[error] Error: An unexpected error has occurred.
